<?xml version="1.0" encoding="UTF-8"?>
<!-- Generated by org.testng.reporters.JUnitReportReporter -->
<testsuite skipped="0" hostname="SRIMANTH" name="MyRunner.TestRunner" tests="1" failures="0" timestamp="13 Dec 2019 11:57:49 GMT" time="35.183" errors="0">
  <testcase name="feature" time="35.183" classname="MyRunner.TestRunner"/>
</testsuite> <!-- MyRunner.TestRunner -->
